# JRE version: Java(TM) SE Runtime Environment (12.0.1+12) (build 12.0.1+12)
# Java VM: Java HotSpot(TM) 64-Bit Server VM (12.0.1+12, mixed mode, sharing, tiered, compressed oops, g1 gc, windows-amd64)
Heap:
 garbage-first heap   total 165888K, used 75597K [0x00000000c0000000, 0x0000000100000000)
  region size 1024K, 5 young (5120K), 5 survivors (5120K)
 Metaspace       used 41497K, capacity 43742K, committed 43852K, reserved 1087488K
  class space    used 4340K, capacity 5181K, committed 5196K, reserved 1048576K
GC Heap History (10 events):
Event: 27.402 GC heap after
{Heap after GC invocations=34 (full 0):
 garbage-first heap   total 138240K, used 61700K [0x00000000c0000000, 0x0000000100000000)
  region size 1024K, 6 young (6144K), 6 survivors (6144K)
 Metaspace       used 41493K, capacity 43742K, committed 43852K, reserved 1087488K
  class space    used 4340K, capacity 5181K, committed 5196K, reserved 1048576K
}
Event: 27.406 GC heap before
{Heap before GC invocations=34 (full 0):
 garbage-first heap   total 138240K, used 62724K [0x00000000c0000000, 0x0000000100000000)
  region size 1024K, 7 young (7168K), 6 survivors (6144K)
 Metaspace       used 41493K, capacity 43742K, committed 43852K, reserved 1087488K
  class space    used 4340K, capacity 5181K, committed 5196K, reserved 1048576K
}
Event: 27.411 GC heap after
{Heap after GC invocations=35 (full 0):
 garbage-first heap   total 138240K, used 62454K [0x00000000c0000000, 0x0000000100000000)
  region size 1024K, 1 young (1024K), 1 survivors (1024K)
 Metaspace       used 41493K, capacity 43742K, committed 43852K, reserved 1087488K
  class space    used 4340K, capacity 5181K, committed 5196K, reserved 1048576K
}
Event: 27.556 GC heap before
{Heap before GC invocations=35 (full 0):
 garbage-first heap   total 138240K, used 101366K [0x00000000c0000000, 0x0000000100000000)
  region size 1024K, 39 young (39936K), 1 survivors (1024K)
 Metaspace       used 41493K, capacity 43742K, committed 43852K, reserved 1087488K
  class space    used 4340K, capacity 5181K, committed 5196K, reserved 1048576K
}
Event: 27.560 GC heap after
{Heap after GC invocations=36 (full 0):
 garbage-first heap   total 138240K, used 65473K [0x00000000c0000000, 0x0000000100000000)
  region size 1024K, 4 young (4096K), 4 survivors (4096K)
 Metaspace       used 41493K, capacity 43742K, committed 43852K, reserved 1087488K
  class space    used 4340K, capacity 5181K, committed 5196K, reserved 1048576K
}
Event: 27.728 GC heap before
{Heap before GC invocations=37 (full 0):
 garbage-first heap   total 138240K, used 104385K [0x00000000c0000000, 0x0000000100000000)
  region size 1024K, 42 young (43008K), 4 survivors (4096K)
 Metaspace       used 41493K, capacity 43742K, committed 43852K, reserved 1087488K
  class space    used 4340K, capacity 5181K, committed 5196K, reserved 1048576K
}
Event: 27.735 GC heap after
{Heap after GC invocations=38 (full 0):
 garbage-first heap   total 138240K, used 70150K [0x00000000c0000000, 0x0000000100000000)
  region size 1024K, 5 young (5120K), 5 survivors (5120K)
 Metaspace       used 41493K, capacity 43742K, committed 43852K, reserved 1087488K
  class space    used 4340K, capacity 5181K, committed 5196K, reserved 1048576K
}
Event: 27.760 GC heap before
{Heap before GC invocations=38 (full 0):
 garbage-first heap   total 138240K, used 71174K [0x00000000c0000000, 0x0000000100000000)
  region size 1024K, 6 young (6144K), 5 survivors (5120K)
 Metaspace       used 41493K, capacity 43742K, committed 43852K, reserved 1087488K
  class space    used 4340K, capacity 5181K, committed 5196K, reserved 1048576K
}
Event: 27.768 GC heap after
{Heap after GC invocations=39 (full 0):
 garbage-first heap   total 138240K, used 69862K [0x00000000c0000000, 0x0000000100000000)
  region size 1024K, 1 young (1024K), 1 survivors (1024K)
 Metaspace       used 41493K, capacity 43742K, committed 43852K, reserved 1087488K
  class space    used 4340K, capacity 5181K, committed 5196K, reserved 1048576K
}
Event: 28.129 GC heap before
{Heap before GC invocations=39 (full 0):
 garbage-first heap   total 138240K, used 109798K [0x00000000c0000000, 0x0000000100000000)
  region size 1024K, 38 young (38912K), 1 survivors (1024K)
 Metaspace       used 41497K, capacity 43742K, committed 43852K, reserved 1087488K
  class space    used 4340K, capacity 5181K, committed 5196K, reserved 1048576K
}

