# JRE version: Java(TM) SE Runtime Environment (12.0.1+12) (build 12.0.1+12)
# Java VM: Java HotSpot(TM) 64-Bit Server VM (12.0.1+12, mixed mode, sharing, tiered, compressed oops, g1 gc, windows-amd64)
Heap:
 garbage-first heap   total 117760K, used 57631K [0x00000000c0000000, 0x0000000100000000)
  region size 1024K, 29 young (29696K), 5 survivors (5120K)
 Metaspace       used 40227K, capacity 42518K, committed 42672K, reserved 1087488K
  class space    used 4207K, capacity 5069K, committed 5120K, reserved 1048576K
GC Heap History (10 events):
Event: 3.014 GC heap before
{Heap before GC invocations=17 (full 0):
 garbage-first heap   total 67584K, used 45690K [0x00000000c0000000, 0x0000000100000000)
  region size 1024K, 22 young (22528K), 2 survivors (2048K)
 Metaspace       used 33692K, capacity 35948K, committed 36144K, reserved 1081344K
  class space    used 3548K, capacity 4375K, committed 4480K, reserved 1048576K
}
Event: 3.019 GC heap after
{Heap after GC invocations=18 (full 0):
 garbage-first heap   total 67584K, used 26895K [0x00000000c0000000, 0x0000000100000000)
  region size 1024K, 3 young (3072K), 3 survivors (3072K)
 Metaspace       used 33692K, capacity 35948K, committed 36144K, reserved 1081344K
  class space    used 3548K, capacity 4375K, committed 4480K, reserved 1048576K
}
Event: 3.051 GC heap before
{Heap before GC invocations=18 (full 0):
 garbage-first heap   total 67584K, used 46351K [0x00000000c0000000, 0x0000000100000000)
  region size 1024K, 22 young (22528K), 3 survivors (3072K)
 Metaspace       used 33692K, capacity 35948K, committed 36144K, reserved 1081344K
  class space    used 3548K, capacity 4375K, committed 4480K, reserved 1048576K
}
Event: 3.056 GC heap after
{Heap after GC invocations=19 (full 0):
 garbage-first heap   total 67584K, used 28673K [0x00000000c0000000, 0x0000000100000000)
  region size 1024K, 2 young (2048K), 2 survivors (2048K)
 Metaspace       used 33692K, capacity 35948K, committed 36144K, reserved 1081344K
  class space    used 3548K, capacity 4375K, committed 4480K, reserved 1048576K
}
Event: 3.086 GC heap before
{Heap before GC invocations=19 (full 0):
 garbage-first heap   total 67584K, used 48129K [0x00000000c0000000, 0x0000000100000000)
  region size 1024K, 21 young (21504K), 2 survivors (2048K)
 Metaspace       used 33692K, capacity 35948K, committed 36144K, reserved 1081344K
  class space    used 3548K, capacity 4375K, committed 4480K, reserved 1048576K
}
Event: 3.092 GC heap after
{Heap after GC invocations=20 (full 0):
 garbage-first heap   total 67584K, used 30536K [0x00000000c0000000, 0x0000000100000000)
  region size 1024K, 2 young (2048K), 2 survivors (2048K)
 Metaspace       used 33692K, capacity 35948K, committed 36144K, reserved 1081344K
  class space    used 3548K, capacity 4375K, committed 4480K, reserved 1048576K
}
Event: 3.119 GC heap before
{Heap before GC invocations=20 (full 0):
 garbage-first heap   total 67584K, used 49992K [0x00000000c0000000, 0x0000000100000000)
  region size 1024K, 21 young (21504K), 2 survivors (2048K)
 Metaspace       used 33692K, capacity 35948K, committed 36144K, reserved 1081344K
  class space    used 3548K, capacity 4375K, committed 4480K, reserved 1048576K
}
Event: 3.123 GC heap after
{Heap after GC invocations=21 (full 0):
 garbage-first heap   total 117760K, used 32240K [0x00000000c0000000, 0x0000000100000000)
  region size 1024K, 2 young (2048K), 2 survivors (2048K)
 Metaspace       used 33692K, capacity 35948K, committed 36144K, reserved 1081344K
  class space    used 3548K, capacity 4375K, committed 4480K, reserved 1048576K
}
Event: 3.437 GC heap before
{Heap before GC invocations=21 (full 0):
 garbage-first heap   total 117760K, used 67056K [0x00000000c0000000, 0x0000000100000000)
  region size 1024K, 36 young (36864K), 2 survivors (2048K)
 Metaspace       used 36356K, capacity 38646K, committed 38704K, reserved 1083392K
  class space    used 3819K, capacity 4693K, committed 4736K, reserved 1048576K
}
Event: 3.444 GC heap after
{Heap after GC invocations=22 (full 0):
 garbage-first heap   total 117760K, used 35103K [0x00000000c0000000, 0x0000000100000000)
  region size 1024K, 5 young (5120K), 5 survivors (5120K)
 Metaspace       used 36356K, capacity 38646K, committed 38704K, reserved 1083392K
  class space    used 3819K, capacity 4693K, committed 4736K, reserved 1048576K
}

