# JRE version: Java(TM) SE Runtime Environment (12.0.1+12) (build 12.0.1+12)
# Java VM: Java HotSpot(TM) 64-Bit Server VM (12.0.1+12, mixed mode, sharing, tiered, compressed oops, g1 gc, windows-amd64)
Heap:
 garbage-first heap   total 226304K, used 97954K [0x00000000c0000000, 0x0000000100000000)
  region size 1024K, 18 young (18432K), 4 survivors (4096K)
 Metaspace       used 41252K, capacity 43395K, committed 43596K, reserved 1087488K
  class space    used 4304K, capacity 5149K, committed 5196K, reserved 1048576K
GC Heap History (10 events):
Event: 16.969 GC heap before
{Heap before GC invocations=36 (full 0):
 garbage-first heap   total 147456K, used 94925K [0x00000000c0000000, 0x0000000100000000)
  region size 1024K, 33 young (33792K), 4 survivors (4096K)
 Metaspace       used 41242K, capacity 43395K, committed 43596K, reserved 1087488K
  class space    used 4302K, capacity 5149K, committed 5196K, reserved 1048576K
}
Event: 16.975 GC heap after
{Heap after GC invocations=37 (full 0):
 garbage-first heap   total 147456K, used 68590K [0x00000000c0000000, 0x0000000100000000)
  region size 1024K, 4 young (4096K), 4 survivors (4096K)
 Metaspace       used 41242K, capacity 43395K, committed 43596K, reserved 1087488K
  class space    used 4302K, capacity 5149K, committed 5196K, reserved 1048576K
}
Event: 17.040 GC heap before
{Heap before GC invocations=38 (full 0):
 garbage-first heap   total 147456K, used 85998K [0x00000000c0000000, 0x0000000100000000)
  region size 1024K, 22 young (22528K), 4 survivors (4096K)
 Metaspace       used 41242K, capacity 43395K, committed 43596K, reserved 1087488K
  class space    used 4302K, capacity 5149K, committed 5196K, reserved 1048576K
}
Event: 17.047 GC heap after
{Heap after GC invocations=39 (full 0):
 garbage-first heap   total 147456K, used 71122K [0x00000000c0000000, 0x0000000100000000)
  region size 1024K, 3 young (3072K), 3 survivors (3072K)
 Metaspace       used 41242K, capacity 43395K, committed 43596K, reserved 1087488K
  class space    used 4302K, capacity 5149K, committed 5196K, reserved 1048576K
}
Event: 17.247 GC heap before
{Heap before GC invocations=40 (full 0):
 garbage-first heap   total 147456K, used 110034K [0x00000000c0000000, 0x0000000100000000)
  region size 1024K, 39 young (39936K), 3 survivors (3072K)
 Metaspace       used 41247K, capacity 43395K, committed 43596K, reserved 1087488K
  class space    used 4302K, capacity 5149K, committed 5196K, reserved 1048576K
}
Event: 17.254 GC heap after
{Heap after GC invocations=41 (full 0):
 garbage-first heap   total 147456K, used 77219K [0x00000000c0000000, 0x0000000100000000)
  region size 1024K, 5 young (5120K), 5 survivors (5120K)
 Metaspace       used 41247K, capacity 43395K, committed 43596K, reserved 1087488K
  class space    used 4302K, capacity 5149K, committed 5196K, reserved 1048576K
}
Event: 17.375 GC heap before
{Heap before GC invocations=41 (full 0):
 garbage-first heap   total 147456K, used 112035K [0x00000000c0000000, 0x0000000100000000)
  region size 1024K, 39 young (39936K), 5 survivors (5120K)
 Metaspace       used 41247K, capacity 43395K, committed 43596K, reserved 1087488K
  class space    used 4302K, capacity 5149K, committed 5196K, reserved 1048576K
}
Event: 17.386 GC heap after
{Heap after GC invocations=42 (full 0):
 garbage-first heap   total 147456K, used 81480K [0x00000000c0000000, 0x0000000100000000)
  region size 1024K, 4 young (4096K), 4 survivors (4096K)
 Metaspace       used 41247K, capacity 43395K, committed 43596K, reserved 1087488K
  class space    used 4302K, capacity 5149K, committed 5196K, reserved 1048576K
}
Event: 17.517 GC heap before
{Heap before GC invocations=42 (full 0):
 garbage-first heap   total 179200K, used 114248K [0x00000000c0000000, 0x0000000100000000)
  region size 1024K, 37 young (37888K), 4 survivors (4096K)
 Metaspace       used 41247K, capacity 43395K, committed 43596K, reserved 1087488K
  class space    used 4302K, capacity 5149K, committed 5196K, reserved 1048576K
}
Event: 17.525 GC heap after
{Heap after GC invocations=43 (full 0):
 garbage-first heap   total 226304K, used 84642K [0x00000000c0000000, 0x0000000100000000)
  region size 1024K, 4 young (4096K), 4 survivors (4096K)
 Metaspace       used 41247K, capacity 43395K, committed 43596K, reserved 1087488K
  class space    used 4302K, capacity 5149K, committed 5196K, reserved 1048576K
}

